<?xml version="1.0" encoding="UTF-8"?>
<!-- Generated by org.testng.reporters.JUnitReportReporter -->
<testsuite hostname="TDBLR-LTP-XX1" name="Executor.RunSuite" tests="2" failures="0" timestamp="20 Oct 2019 09:55:02 GMT" time="31.309" errors="0">
  <testcase name="addCart" time="20.794" classname="Executor.RunSuite"/>
  <testcase name="orderItems" time="10.515" classname="Executor.RunSuite"/>
</testsuite> <!-- Executor.RunSuite -->
